\BOOKMARK [1][-]{section.1}{\376\377\000I\000n\000t\000r\000o\000d\000u\000c\000t\000i\000o\000n}{}% 1
\BOOKMARK [1][-]{section.2}{\376\377\000P\000h\000i\000l\000o\000s\000o\000p\000h\000y}{}% 2
\BOOKMARK [2][-]{subsection.2.1}{\376\377\000A\000c\000c\000e\000s\000s\000\040\000S\000c\000o\000p\000e}{section.2}% 3
\BOOKMARK [1][-]{section.3}{\376\377\000C\000l\000a\000s\000s\000\040\000H\000i\000e\000r\000a\000r\000c\000h\000y}{}% 4
\BOOKMARK [1][-]{section.4}{\376\377\000L\000a\000b\000V\000I\000E\000W\000\040\000I\000n\000t\000e\000r\000f\000a\000c\000e\000s}{}% 5
\BOOKMARK [2][-]{subsection.4.1}{\376\377\000D\000e\000s\000c\000e\000n\000d\000a\000n\000t\000s\000\040\000M\000u\000s\000t\000\040\000O\000v\000e\000r\000r\000i\000d\000e}{section.4}% 6
\BOOKMARK [1][-]{section.5}{\376\377\000F\000u\000t\000u\000r\000e\000\040\000S\000c\000o\000p\000e}{}% 7
\BOOKMARK [2][-]{subsection.5.1}{\376\377\000P\000u\000b\000-\000S\000u\000b\000\040\000M\000e\000s\000s\000a\000g\000i\000n\000g}{section.5}% 8
\BOOKMARK [1][-]{section.6}{\376\377\000D\000e\000b\000u\000g\000g\000i\000n\000g}{}% 9
\BOOKMARK [2][-]{subsection.6.1}{\376\377\000D\000i\000s\000p\000l\000a\000y\000i\000n\000g\000\040\000M\000e\000t\000h\000o\000d\000\040\000E\000x\000e\000c\000u\000t\000i\000o\000n}{section.6}% 10
\BOOKMARK [1][-]{section.7}{\376\377\000G\000i\000t}{}% 11
\BOOKMARK [1][-]{section.8}{\376\377\000N\000a\000m\000i\000n\000g\000\040\000C\000o\000n\000v\000e\000n\000t\000i\000o\000n\000s}{}% 12
\BOOKMARK [1][-]{section.9}{\376\377\000D\000e\000s\000i\000g\000n\000\040\000P\000a\000t\000t\000e\000r\000n\000s}{}% 13
\BOOKMARK [2][-]{subsection.9.1}{\376\377\000S\000t\000a\000t\000e\000\040\000P\000a\000t\000t\000e\000r\000n}{section.9}% 14
\BOOKMARK [2][-]{subsection.9.2}{\376\377\000M\000e\000m\000e\000n\000t\000o\000\040\000P\000a\000t\000t\000e\000r\000n}{section.9}% 15
\BOOKMARK [1][-]{section.10}{\376\377\000E\000x\000t\000e\000r\000n\000a\000l\000\040\000P\000a\000c\000k\000a\000g\000e\000s}{}% 16
\BOOKMARK [2][-]{subsection.10.1}{\376\377\000P\000a\000n\000e\000l\000s}{section.10}% 17
\BOOKMARK [2][-]{subsection.10.2}{\376\377\000U\000I\000\040\000E\000v\000e\000n\000t\000s}{section.10}% 18
\BOOKMARK [2][-]{subsection.10.3}{\376\377\000R\000i\000g\000h\000t\000\040\000C\000l\000i\000c\000k\000\040\000c\000r\000e\000a\000t\000e\000s\000\040\000l\000i\000b\000r\000a\000r\000y\000\040\000w\000i\000t\000h\000\040\000i\000n\000t\000e\000r\000f\000a\000c\000e}{section.10}% 19
\BOOKMARK [1][-]{section.11}{\376\377\000M\000e\000s\000s\000a\000g\000i\000n\000g}{}% 20
\BOOKMARK [2][-]{subsection.11.1}{\376\377\000E\000r\000r\000o\000r\000\040\000M\000s\000g}{section.11}% 21
\BOOKMARK [1][-]{section.12}{\376\377\000S\000c\000r\000i\000p\000t\000i\000n\000g}{}% 22
\BOOKMARK [1][-]{section.13}{\376\377\000T\000O\000D\000O}{}% 23
\BOOKMARK [1][-]{section.14}{\376\377\000M\000i\000s\000c\000e\000l\000l\000a\000n\000e\000o\000u\000s}{}% 24
\BOOKMARK [2][-]{subsection.14.1}{\376\377\000M\000E\000F\000\040\000\050\000M\000a\000n\000a\000g\000e\000d\000\040\000E\000x\000t\000e\000n\000s\000i\000b\000i\000l\000i\000t\000y\000\040\000F\000r\000a\000m\000e\000w\000o\000r\000k\000\051}{section.14}% 25
\BOOKMARK [1][-]{section.15}{\376\377\000E\000r\000r\000o\000r\000s}{}% 26
\BOOKMARK [1][-]{section.16}{\376\377\000O\000r\000d\000e\000r\000l\000y\000\040\000S\000h\000u\000t\000d\000o\000w\000n}{}% 27
\BOOKMARK [1][-]{section.17}{\376\377\000E\000x\000a\000m\000p\000l\000e}{}% 28
\BOOKMARK [2][-]{subsection.17.1}{\376\377\000D\000e\000v\000\040\000A\000c\000t\000o\000r}{section.17}% 29
